make all --print-data-base --no-builtin-variables --no-builtin-rules --question
# GNU Make 4.3
# Built for x86_64-unknown-linux-gnu
# Copyright (C) 1988-2020 Free Software Foundation, Inc.
# License GPLv3+: GNU GPL version 3 or later <http://gnu.org/licenses/gpl.html>
# This is free software: you are free to change and redistribute it.
# There is NO WARRANTY, to the extent permitted by law.

# Make data base, printed on Wed Aug 24 09:48:37 2022

# Variables

# makefile (from 'Makefile', line 4)
OBJ := src/celib/asm.o src/celib/collections.o
# environment
GDK_BACKEND = x11
# environment
LC_ALL = C
# environment
NO_AT_BRIDGE = 1
# makefile (from 'Makefile', line 3)
SRC :=  src/celib/asm.c src/celib/collections.c
# environment
STARSHIP_SESSION_KEY = 2686429895106172
# environment
I3SOCK = /run/user/1000/sway-ipc.1000.1156.sock
# environment
VSCODE_CWD = /home/chabi
# environment
SWAYSOCK = /run/user/1000/sway-ipc.1000.1156.sock
# default
MAKE_COMMAND := make
# automatic
@D = $(patsubst %/,%,$(dir $@))
# environment
VSCODE_HANDLES_UNCAUGHT_ERRORS = true
# default
.VARIABLES := 
# environment
PWD = /home/chabi/Code/celib
# automatic
%D = $(patsubst %/,%,$(dir $%))
# environment
MAIL = /var/mail/chabi
# environment
XDG_DATA_DIRS = /home/chabi/.local/share/flatpak/exports/share:/var/lib/flatpak/exports/share:/usr/local/share:/usr/share
# environment
OLDPWD = /home/chabi
# automatic
^D = $(patsubst %/,%,$(dir $^))
# automatic
%F = $(notdir $%)
# environment
VSCODE_CODE_CACHE_PATH = /home/chabi/.config/Code - Insiders/CachedData/d5104dc1894e4a78b600662bf8958c7a2b9286a7
# environment
LANG = C
# default
.LOADED := 
# default
.INCLUDE_DIRS = /usr/include /usr/local/include /usr/include
# makefile
MAKEFLAGS = pqrR
# makefile
CURDIR := /home/chabi/Code/celib
# environment
APPLICATION_INSIGHTS_NO_DIAGNOSTIC_CHANNEL = true
# automatic
*D = $(patsubst %/,%,$(dir $*))
# makefile (from 'config.mk', line 1)
VERSION = 0.0.1
# environment
MFLAGS = -pqrR
# default
.SHELLFLAGS := -c
# environment
 
WAYLAND_DISPLAY = wayland-1
# automatic
+D = $(patsubst %/,%,$(dir $+))
# makefile (from 'config.mk', line 1)
MAKEFILE_LIST := Makefile config.mk
# automatic
@F = $(notdir $@)
# environment
LC_COLLATE = C
# environment
VSCODE_PID = 13901
# environment
XDG_SESSION_TYPE = wayland
# automatic
?D = $(patsubst %/,%,$(dir $?))
# makefile (from 'config.mk', line 3)
INSTALL = /usr
# automatic
*F = $(notdir $*)
# environment
CHROME_DESKTOP = code-insiders-url-handler.desktop
# environment
DBUS_SESSION_BUS_ADDRESS = disabled:
# automatic
<D = $(patsubst %/,%,$(dir $<))
# environment
VSCODE_NLS_CONFIG = {"locale":"en-us","availableLanguages":{},"_languagePackSupport":true}
# default
MAKE_HOST := x86_64-unknown-linux-gnu
# makefile
SHELL = /bin/sh
# default
MAKECMDGOALS := all
# makefile (from 'Makefile', line 6)
HEADERS := src/celib.h src/celib/asm.h src/celib/collections.h
# environment
SHLVL = 1
# environment
MAKELEVEL := 0
# default
MAKE = $(MAKE_COMMAND)
# environment
PATH = /home/chabi/.local/bin:/home/chabi/Packages/VSCode-linux-x64:/home/chabi/.local/bin:/home/chabi/Packages/VSCode-linux-x64:/usr/local/bin:/bin:/usr/bin:/usr/local/sbin:/usr/sbin:/sbin
# default
MAKEFILES := 
# environment
MOTD_SHOWN = pam
# automatic
^F = $(notdir $^)
# automatic
?F = $(notdir $?)
# environment
XDG_SEAT = seat0
# environment
LS_COLORS = no=00:fi=00:di=01;34:ln=01;36:pi=40;33:so=01;35:do=01;35:bd=40;33;01:cd=40;33;01:or=40;31;01:mi=01;05;37;41:su=37;41:sg=30;43:ca=30;41:tw=30;42:ow=34;42:st=37;44:ex=01;32:*.tar=01;31:*.tgz=01;31:*.svgz=01;31:*.arj=01;31:*.taz=01;31:*.lzh=01;31:*.lzma=01;31:*.zip=01;31:*.z=01;31:*.Z=01;31:*.dz=01;31:*.gz=01;31:*.bz2=01;31:*.tbz2=01;31:*.bz=01;31:*.tz=01;31:*.deb=01;31:*.rpm=01;31:*.jar=01;31:*.rar=01;31:*.ace=01;31:*.zoo=01;31:*.cpio=01;31:*.7z=01;31:*.rz=01;31:*.jpg=01;35:*.jpeg=01;35:*.gif=01;35:*.bmp=01;35:*.pbm=01;35:*.pgm=01;35:*.ppm=01;35:*.tga=01;35:*.xbm=01;35:*.xpm=01;35:*.tif=01;35:*.tiff=01;35:*.png=01;35:*.mng=01;35:*.pcx=01;35:*.mov=01;35:*.mpg=01;35:*.mpeg=01;35:*.m2v=01;35:*.mkv=01;35:*.ogm=01;35:*.mp4=01;35:*.m4v=01;35:*.mp4v=01;35:*.vob=01;35:*.qt=01;35:*.nuv=01;35:*.wmv=01;35:*.asf=01;35:*.rm=01;35:*.rmvb=01;35:*.flc=01;35:*.avi=01;35:*.fli=01;35:*.gl=01;35:*.dl=01;35:*.xcf=01;35:*.xwd=01;35:*.yuv=01;35:*.svg=01;35:*.aac=00;36:*.au=00;36:*.flac=00;36:*.mid=00;36:*.midi=00;36:*.mka=00;36:*.mp3=00;36:*.mpc=00;36:*.ogg=00;36:*.ra=00;36:*.wav=00;36:
# automatic
+F = $(notdir $+)
# environment
ORIGINAL_XDG_CURRENT_DESKTOP = undefined
# 'override' directive
GNUMAKEFLAGS := 
# environment
LOGNAME = chabi
# environment
XDG_VTNR = 1
# makefile
.DEFAULT_GOAL := all
# environment
DISPLAY = :0
# environment
USER = chabi
# default
MAKE_VERSION := 4.3
# environment
STARSHIP_SHELL = zsh
# environment
_ = /home/chabi/Packages/VSCode-linux-x64/code-insiders
# environment
MOZ_PLUGIN_PATH = /usr/lib/mozilla/plugins
# makefile (from 'config.mk', line 4)
BIN = libce.so
# environment
XDG_RUNTIME_DIR = /run/user/1000
# makefile (from 'config.mk', line 7)
CFLAGS = -std=c17 -g -O2 -Wall -Wextra -I./src
# environment
XDG_SESSION_CLASS = user
# environment
VSCODE_AMD_ENTRYPOINT = vs/workbench/api/node/extensionHostProcess
# environment
HOME = /home/chabi
# environment
ELECTRON_RUN_AS_NODE = 1
# environment
VSCODE_IPC_HOOK = /run/user/1000/vscode-c30a175d-1.71.0-insider-main.sock
# environment
TERM = linux
# environment
XDG_SESSION_ID = 1
# environment
XCURSOR_SIZE = 24
# default
.RECIPEPREFIX := 
# automatic
<F = $(notdir $<)
# default
SUFFIXES := 
# default
.FEATURES := target-specific order-only second-expansion else-if shortest-stem undefine oneshell nocomment grouped-target extra-prereqs archives jobserver output-sync check-symlink load
# makefile (from 'config.mk', line 6)
CC = clang
# variable set hash-table stats:
# Load=87/1024=8%, Rehash=0, Collisions=11/130=8%

# Pattern-specific Variable Values

# No pattern-specific variable values.

# Directories

# src (device 66307, inode 5906953): 4 files, no impossibilities.
# . (device 66307, inode 5906949): 10 files, no impossibilities.
# src/celib (device 66307, inode 5906992): 6 files, no impossibilities.

# 20 files, no impossibilities in 3 directories.

# Implicit Rules

%.o: %.c
#  recipe to execute (from 'Makefile', line 14):
	${CC} -c ${CFLAGS} -o $@ $<

# 1 implicit rules, 0 (0.0%) terminal.
# Files

# Not a target:
Makefile:
#  Implicit rule search has been done.
#  Last modified 2022-08-24 09:46:27.855323829
#  File has been updated.
#  Successfully updated.

# Not a target:
src/celib/collections.o:
#  Implicit rule search has not been done.
#  Modification time never checked.
#  File has not been updated.

clean:
#  Phony target (prerequisite of .PHONY).
#  Implicit rule search has not been done.
#  File does not exist.
#  File has not been updated.
#  recipe to execute (from 'Makefile', line 30):
	rm -rf ${BIN} ${OBJ} 

linked: libce.so
#  Implicit rule search has not been done.
#  Modification time never checked.
#  File has not been updated.
#  recipe to execute (from 'Makefile', line 26):
	${CC} -lce tests/linked_list_test.c -o linked_list_test 

# Not a target:
.DEFAULT:
#  Implicit rule search has not been done.
#  Modification time never checked.
#  File has not been updated.

all: libce.so install
#  Command line target.
#  Implicit rule search has been done.
#  File does not exist.
#  File has been updated.
#  Needs to be updated (-q is set).
# variable set hash-table stats:
# Load=0/32=0%, Rehash=0, Collisions=0/5=0%

# Not a target:
config.mk:
#  Implicit rule search has been done.
#  Last modified 2022-08-24 09:14:06.598029302
#  File has been updated.
#  Successfully updated.

# Not a target:
src/celib/asm.c:
#  Implicit rule search has been done.
#  Last modified 2022-08-24 09:19:45.903968562
#  File has been updated.
#  Successfully updated.

src/celib/asm.o: src/celib/asm.c
#  Implicit rule search has been done.
#  Implicit/static pattern stem: 'src/celib/asm'
#  File does not exist.
#  File has been updated.
#  Needs to be updated (-q is set).
# automatic
# @ := src/celib/asm.o
# automatic
# * := src/celib/asm
# automatic
# < := src/celib/asm.c
# automatic
# + := src/celib/asm.c
# automatic
# % := 
# automatic
# ^ := src/celib/asm.c
# automatic
# ? := src/celib/asm.c
# automatic
# | := 
# variable set hash-table stats:
# Load=8/32=25%, Rehash=0, Collisions=2/15=13%
#  recipe to execute (from 'Makefile', line 14):
	${CC} -c ${CFLAGS} -o $@ $<

libce.so: src/celib/asm.o src/celib/collections.o
#  Implicit rule search has not been done.
#  Last modified 2022-08-24 09:14:41.476432047
#  File has been updated.
#  Needs to be updated (-q is set).
# variable set hash-table stats:
# Load=0/32=0%, Rehash=0, Collisions=0/5=0%
#  recipe to execute (from 'Makefile', line 11):
	${CC} ${CFLAGS} -shared -o $@ ${OBJ}

install: libce.so
#  Implicit rule search has not been done.
#  Modification time never checked.
#  File has not been updated.
#  recipe to execute (from 'Makefile', line 17):
	cp ${BIN} ${INSTALL}/lib/${BIN}
	cp $
	mkdir ${INSTALL}/include/celib
	cp $(wildcard src/celib/*.h) ${INSTALL}/include/celib
	cp src/celib.h ${INSTALL}/include

.PHONY: clean
#  Implicit rule search has not been done.
#  Modification time never checked.
#  File has not been updated.

# files hash-table stats:
# Load=13/1024=1%, Rehash=0, Collisions=0/38=0%
# VPATH Search Paths

# No 'vpath' search paths.

# No general ('VPATH' variable) search path.

# strcache buffers: 1 (0) / strings = 32 / storage = 311 B / avg = 9 B
 
# current buf: size = 8162 B / used = 311 B / count = 32 / avg = 9 B

# strcache performance: lookups = 57 / hit rate = 43%
# hash-table stats:
# Load=32/8192=0%, Rehash=0, Collisions=0/57=0%
# Finished Make data base on Wed Aug 24 09:48:37 2022

 
